{"D:\\PROGRAMMING\\Andela\\Porjects\\my-brand-backend\\app.js": {"path":"D:\\PROGRAMMING\\Andela\\Porjects\\my-brand-backend\\app.js","statementMap":{"0":{"start":{"line":1,"column":16},"end":{"line":1,"column":34}},"1":{"start":{"line":2,"column":13},"end":{"line":2,"column":28}},"2":{"start":{"line":3,"column":17},"end":{"line":3,"column":36}},"3":{"start":{"line":4,"column":15},"end":{"line":4,"column":34}},"4":{"start":{"line":5,"column":18},"end":{"line":5,"column":47}},"5":{"start":{"line":6,"column":20},"end":{"line":6,"column":40}},"6":{"start":{"line":8,"column":0},"end":{"line":8,"column":27}},"7":{"start":{"line":10,"column":12},"end":{"line":10,"column":21}},"8":{"start":{"line":12,"column":0},"end":{"line":12,"column":24}},"9":{"start":{"line":13,"column":0},"end":{"line":13,"column":178}},"10":{"start":{"line":14,"column":0},"end":{"line":14,"column":16}},"11":{"start":{"line":15,"column":0},"end":{"line":15,"column":47}},"12":{"start":{"line":17,"column":18},"end":{"line":25,"column":1}},"13":{"start":{"line":18,"column":2},"end":{"line":24,"column":3}},"14":{"start":{"line":19,"column":4},"end":{"line":19,"column":52}},"15":{"start":{"line":20,"column":4},"end":{"line":20,"column":40}},"16":{"start":{"line":22,"column":4},"end":{"line":22,"column":51}},"17":{"start":{"line":23,"column":4},"end":{"line":23,"column":20}},"18":{"start":{"line":27,"column":0},"end":{"line":27,"column":12}},"19":{"start":{"line":29,"column":0},"end":{"line":29,"column":24}},"20":{"start":{"line":31,"column":13},"end":{"line":31,"column":37}},"21":{"start":{"line":32,"column":0},"end":{"line":34,"column":3}},"22":{"start":{"line":33,"column":2},"end":{"line":33,"column":51}},"23":{"start":{"line":36,"column":0},"end":{"line":36,"column":21}}},"fnMap":{"0":{"name":"(anonymous_0)","decl":{"start":{"line":17,"column":18},"end":{"line":17,"column":19}},"loc":{"start":{"line":17,"column":30},"end":{"line":25,"column":1}},"line":17},"1":{"name":"(anonymous_1)","decl":{"start":{"line":32,"column":17},"end":{"line":32,"column":18}},"loc":{"start":{"line":32,"column":23},"end":{"line":34,"column":1}},"line":32}},"branchMap":{"0":{"loc":{"start":{"line":31,"column":13},"end":{"line":31,"column":37}},"type":"binary-expr","locations":[{"start":{"line":31,"column":13},"end":{"line":31,"column":29}},{"start":{"line":31,"column":33},"end":{"line":31,"column":37}}],"line":31}},"s":{"0":1,"1":1,"2":1,"3":1,"4":1,"5":1,"6":1,"7":1,"8":1,"9":1,"10":1,"11":1,"12":1,"13":1,"14":1,"15":1,"16":0,"17":0,"18":1,"19":1,"20":1,"21":1,"22":1,"23":1},"f":{"0":1,"1":1},"b":{"0":[1,0]},"_coverageSchema":"1a1c01bbd47fc00a2c39e90264f33305004495a9","hash":"ef25c94bd2f5c3c8b4750665a896673767880a4b"}
,"D:\\PROGRAMMING\\Andela\\Porjects\\my-brand-backend\\swagger.js": {"path":"D:\\PROGRAMMING\\Andela\\Porjects\\my-brand-backend\\swagger.js","statementMap":{"0":{"start":{"line":1,"column":21},"end":{"line":1,"column":45}},"1":{"start":{"line":2,"column":13},"end":{"line":2,"column":28}},"2":{"start":{"line":4,"column":21},"end":{"line":4,"column":58}},"3":{"start":{"line":6,"column":16},"end":{"line":31,"column":1}},"4":{"start":{"line":33,"column":20},"end":{"line":33,"column":41}},"5":{"start":{"line":35,"column":0},"end":{"line":35,"column":29}}},"fnMap":{},"branchMap":{"0":{"loc":{"start":{"line":16,"column":13},"end":{"line":16,"column":98}},"type":"cond-expr","locations":[{"start":{"line":16,"column":28},"end":{"line":16,"column":72}},{"start":{"line":16,"column":75},"end":{"line":16,"column":98}}],"line":16}},"s":{"0":1,"1":1,"2":1,"3":1,"4":1,"5":1},"f":{},"b":{"0":[0,1]},"_coverageSchema":"1a1c01bbd47fc00a2c39e90264f33305004495a9","hash":"4c423845a4e8a238cf406ebe33e60356ce03013b"}
,"D:\\PROGRAMMING\\Andela\\Porjects\\my-brand-backend\\controllers\\blogsControllers.js": {"path":"D:\\PROGRAMMING\\Andela\\Porjects\\my-brand-backend\\controllers\\blogsControllers.js","statementMap":{"0":{"start":{"line":2,"column":17},"end":{"line":2,"column":48}},"1":{"start":{"line":3,"column":15},"end":{"line":3,"column":42}},"2":{"start":{"line":5,"column":19},"end":{"line":26,"column":1}},"3":{"start":{"line":6,"column":2},"end":{"line":25,"column":3}},"4":{"start":{"line":7,"column":45},"end":{"line":7,"column":53}},"5":{"start":{"line":8,"column":22},"end":{"line":8,"column":39}},"6":{"start":{"line":9,"column":19},"end":{"line":9,"column":45}},"7":{"start":{"line":10,"column":21},"end":{"line":21,"column":6}},"8":{"start":{"line":22,"column":4},"end":{"line":22,"column":23}},"9":{"start":{"line":24,"column":4},"end":{"line":24,"column":51}},"10":{"start":{"line":28,"column":19},"end":{"line":39,"column":1}},"11":{"start":{"line":29,"column":2},"end":{"line":38,"column":3}},"12":{"start":{"line":30,"column":27},"end":{"line":30,"column":37}},"13":{"start":{"line":31,"column":24},"end":{"line":31,"column":68}},"14":{"start":{"line":32,"column":4},"end":{"line":34,"column":5}},"15":{"start":{"line":33,"column":6},"end":{"line":33,"column":65}},"16":{"start":{"line":35,"column":4},"end":{"line":35,"column":67}},"17":{"start":{"line":37,"column":4},"end":{"line":37,"column":51}},"18":{"start":{"line":41,"column":19},"end":{"line":68,"column":1}},"19":{"start":{"line":42,"column":2},"end":{"line":67,"column":3}},"20":{"start":{"line":43,"column":27},"end":{"line":43,"column":37}},"21":{"start":{"line":44,"column":59},"end":{"line":44,"column":67}},"22":{"start":{"line":45,"column":29},"end":{"line":45,"column":46}},"23":{"start":{"line":47,"column":24},"end":{"line":58,"column":5}},"24":{"start":{"line":60,"column":4},"end":{"line":62,"column":5}},"25":{"start":{"line":61,"column":6},"end":{"line":61,"column":65}},"26":{"start":{"line":64,"column":4},"end":{"line":64,"column":26}},"27":{"start":{"line":66,"column":4},"end":{"line":66,"column":51}},"28":{"start":{"line":70,"column":20},"end":{"line":77,"column":1}},"29":{"start":{"line":71,"column":2},"end":{"line":76,"column":3}},"30":{"start":{"line":72,"column":25},"end":{"line":72,"column":46}},"31":{"start":{"line":73,"column":4},"end":{"line":73,"column":39}},"32":{"start":{"line":75,"column":4},"end":{"line":75,"column":51}},"33":{"start":{"line":79,"column":22},"end":{"line":90,"column":1}},"34":{"start":{"line":80,"column":2},"end":{"line":89,"column":3}},"35":{"start":{"line":81,"column":27},"end":{"line":81,"column":37}},"36":{"start":{"line":82,"column":21},"end":{"line":82,"column":56}},"37":{"start":{"line":83,"column":4},"end":{"line":85,"column":5}},"38":{"start":{"line":84,"column":6},"end":{"line":84,"column":65}},"39":{"start":{"line":86,"column":4},"end":{"line":86,"column":23}},"40":{"start":{"line":88,"column":4},"end":{"line":88,"column":51}},"41":{"start":{"line":92,"column":2},"end":{"line":124,"column":3}},"42":{"start":{"line":93,"column":31},"end":{"line":93,"column":39}},"43":{"start":{"line":94,"column":17},"end":{"line":94,"column":48}},"44":{"start":{"line":95,"column":4},"end":{"line":99,"column":5}},"45":{"start":{"line":96,"column":6},"end":{"line":98,"column":66}},"46":{"start":{"line":102,"column":18},"end":{"line":102,"column":44}},"47":{"start":{"line":103,"column":4},"end":{"line":117,"column":5}},"48":{"start":{"line":105,"column":6},"end":{"line":105,"column":34}},"49":{"start":{"line":106,"column":6},"end":{"line":106,"column":24}},"50":{"start":{"line":107,"column":6},"end":{"line":109,"column":76}},"51":{"start":{"line":112,"column":6},"end":{"line":112,"column":30}},"52":{"start":{"line":113,"column":6},"end":{"line":113,"column":24}},"53":{"start":{"line":114,"column":6},"end":{"line":116,"column":74}},"54":{"start":{"line":119,"column":4},"end":{"line":119,"column":61}},"55":{"start":{"line":120,"column":4},"end":{"line":123,"column":7}},"56":{"start":{"line":128,"column":2},"end":{"line":149,"column":3}},"57":{"start":{"line":129,"column":31},"end":{"line":129,"column":39}},"58":{"start":{"line":130,"column":17},"end":{"line":130,"column":48}},"59":{"start":{"line":131,"column":4},"end":{"line":135,"column":5}},"60":{"start":{"line":132,"column":6},"end":{"line":134,"column":66}},"61":{"start":{"line":137,"column":4},"end":{"line":137,"column":29}},"62":{"start":{"line":138,"column":4},"end":{"line":138,"column":22}},"63":{"start":{"line":140,"column":4},"end":{"line":142,"column":73}},"64":{"start":{"line":144,"column":4},"end":{"line":144,"column":53}},"65":{"start":{"line":145,"column":4},"end":{"line":148,"column":7}},"66":{"start":{"line":153,"column":2},"end":{"line":174,"column":3}},"67":{"start":{"line":154,"column":31},"end":{"line":154,"column":39}},"68":{"start":{"line":155,"column":17},"end":{"line":155,"column":48}},"69":{"start":{"line":156,"column":4},"end":{"line":160,"column":5}},"70":{"start":{"line":157,"column":6},"end":{"line":159,"column":66}},"71":{"start":{"line":162,"column":4},"end":{"line":162,"column":28}},"72":{"start":{"line":163,"column":4},"end":{"line":163,"column":22}},"73":{"start":{"line":165,"column":4},"end":{"line":167,"column":70}},"74":{"start":{"line":169,"column":4},"end":{"line":169,"column":50}},"75":{"start":{"line":170,"column":4},"end":{"line":173,"column":7}},"76":{"start":{"line":177,"column":25},"end":{"line":197,"column":1}},"77":{"start":{"line":178,"column":2},"end":{"line":196,"column":3}},"78":{"start":{"line":179,"column":23},"end":{"line":179,"column":33}},"79":{"start":{"line":180,"column":32},"end":{"line":180,"column":40}},"80":{"start":{"line":182,"column":21},"end":{"line":182,"column":52}},"81":{"start":{"line":183,"column":4},"end":{"line":185,"column":5}},"82":{"start":{"line":184,"column":6},"end":{"line":184,"column":68}},"83":{"start":{"line":187,"column":23},"end":{"line":187,"column":42}},"84":{"start":{"line":188,"column":4},"end":{"line":188,"column":39}},"85":{"start":{"line":189,"column":4},"end":{"line":189,"column":26}},"86":{"start":{"line":191,"column":4},"end":{"line":193,"column":76}},"87":{"start":{"line":195,"column":4},"end":{"line":195,"column":49}},"88":{"start":{"line":199,"column":0},"end":{"line":209,"column":2}}},"fnMap":{"0":{"name":"(anonymous_0)","decl":{"start":{"line":5,"column":19},"end":{"line":5,"column":20}},"loc":{"start":{"line":5,"column":39},"end":{"line":26,"column":1}},"line":5},"1":{"name":"(anonymous_1)","decl":{"start":{"line":28,"column":19},"end":{"line":28,"column":20}},"loc":{"start":{"line":28,"column":39},"end":{"line":39,"column":1}},"line":28},"2":{"name":"(anonymous_2)","decl":{"start":{"line":41,"column":19},"end":{"line":41,"column":20}},"loc":{"start":{"line":41,"column":39},"end":{"line":68,"column":1}},"line":41},"3":{"name":"(anonymous_3)","decl":{"start":{"line":70,"column":20},"end":{"line":70,"column":21}},"loc":{"start":{"line":70,"column":40},"end":{"line":77,"column":1}},"line":70},"4":{"name":"(anonymous_4)","decl":{"start":{"line":79,"column":22},"end":{"line":79,"column":23}},"loc":{"start":{"line":79,"column":42},"end":{"line":90,"column":1}},"line":79},"5":{"name":"likeBlogPost","decl":{"start":{"line":91,"column":15},"end":{"line":91,"column":27}},"loc":{"start":{"line":91,"column":38},"end":{"line":125,"column":1}},"line":91},"6":{"name":"shareBlogPost","decl":{"start":{"line":127,"column":15},"end":{"line":127,"column":28}},"loc":{"start":{"line":127,"column":39},"end":{"line":150,"column":1}},"line":127},"7":{"name":"updateViews","decl":{"start":{"line":152,"column":15},"end":{"line":152,"column":26}},"loc":{"start":{"line":152,"column":37},"end":{"line":175,"column":1}},"line":152},"8":{"name":"(anonymous_8)","decl":{"start":{"line":177,"column":25},"end":{"line":177,"column":26}},"loc":{"start":{"line":177,"column":45},"end":{"line":197,"column":1}},"line":177}},"branchMap":{"0":{"loc":{"start":{"line":9,"column":19},"end":{"line":9,"column":45}},"type":"binary-expr","locations":[{"start":{"line":9,"column":19},"end":{"line":9,"column":34}},{"start":{"line":9,"column":38},"end":{"line":9,"column":45}}],"line":9},"1":{"loc":{"start":{"line":32,"column":4},"end":{"line":34,"column":5}},"type":"if","locations":[{"start":{"line":32,"column":4},"end":{"line":34,"column":5}},{"start":{},"end":{}}],"line":32},"2":{"loc":{"start":{"line":60,"column":4},"end":{"line":62,"column":5}},"type":"if","locations":[{"start":{"line":60,"column":4},"end":{"line":62,"column":5}},{"start":{},"end":{}}],"line":60},"3":{"loc":{"start":{"line":83,"column":4},"end":{"line":85,"column":5}},"type":"if","locations":[{"start":{"line":83,"column":4},"end":{"line":85,"column":5}},{"start":{},"end":{}}],"line":83},"4":{"loc":{"start":{"line":95,"column":4},"end":{"line":99,"column":5}},"type":"if","locations":[{"start":{"line":95,"column":4},"end":{"line":99,"column":5}},{"start":{},"end":{}}],"line":95},"5":{"loc":{"start":{"line":103,"column":4},"end":{"line":117,"column":5}},"type":"if","locations":[{"start":{"line":103,"column":4},"end":{"line":117,"column":5}},{"start":{"line":110,"column":11},"end":{"line":117,"column":5}}],"line":103},"6":{"loc":{"start":{"line":131,"column":4},"end":{"line":135,"column":5}},"type":"if","locations":[{"start":{"line":131,"column":4},"end":{"line":135,"column":5}},{"start":{},"end":{}}],"line":131},"7":{"loc":{"start":{"line":156,"column":4},"end":{"line":160,"column":5}},"type":"if","locations":[{"start":{"line":156,"column":4},"end":{"line":160,"column":5}},{"start":{},"end":{}}],"line":156},"8":{"loc":{"start":{"line":183,"column":4},"end":{"line":185,"column":5}},"type":"if","locations":[{"start":{"line":183,"column":4},"end":{"line":185,"column":5}},{"start":{},"end":{}}],"line":183}},"s":{"0":2,"1":2,"2":2,"3":1,"4":1,"5":1,"6":1,"7":1,"8":1,"9":0,"10":2,"11":1,"12":1,"13":1,"14":1,"15":1,"16":0,"17":0,"18":2,"19":1,"20":1,"21":1,"22":1,"23":1,"24":1,"25":1,"26":0,"27":0,"28":2,"29":1,"30":1,"31":1,"32":0,"33":2,"34":1,"35":1,"36":1,"37":1,"38":1,"39":0,"40":0,"41":1,"42":1,"43":1,"44":1,"45":1,"46":0,"47":0,"48":0,"49":0,"50":0,"51":0,"52":0,"53":0,"54":0,"55":0,"56":1,"57":1,"58":1,"59":1,"60":1,"61":0,"62":0,"63":0,"64":0,"65":0,"66":1,"67":1,"68":1,"69":1,"70":1,"71":0,"72":0,"73":0,"74":0,"75":0,"76":2,"77":1,"78":1,"79":1,"80":1,"81":1,"82":1,"83":0,"84":0,"85":0,"86":0,"87":0,"88":2},"f":{"0":1,"1":1,"2":1,"3":1,"4":1,"5":1,"6":1,"7":1,"8":1},"b":{"0":[1,0],"1":[1,0],"2":[1,0],"3":[1,0],"4":[1,0],"5":[0,0],"6":[1,0],"7":[1,0],"8":[1,0]},"_coverageSchema":"1a1c01bbd47fc00a2c39e90264f33305004495a9","hash":"90540849ca85eb3bb0b18ae885787450c16e48e2"}
,"D:\\PROGRAMMING\\Andela\\Porjects\\my-brand-backend\\controllers\\messsageControllers.js": {"path":"D:\\PROGRAMMING\\Andela\\Porjects\\my-brand-backend\\controllers\\messsageControllers.js","statementMap":{"0":{"start":{"line":1,"column":16},"end":{"line":1,"column":50}},"1":{"start":{"line":2,"column":19},"end":{"line":2,"column":40}},"2":{"start":{"line":3,"column":16},"end":{"line":3,"column":34}},"3":{"start":{"line":4,"column":14},"end":{"line":4,"column":31}},"4":{"start":{"line":5,"column":23},"end":{"line":5,"column":49}},"5":{"start":{"line":7,"column":22},"end":{"line":25,"column":1}},"6":{"start":{"line":8,"column":2},"end":{"line":24,"column":3}},"7":{"start":{"line":9,"column":50},"end":{"line":9,"column":58}},"8":{"start":{"line":11,"column":23},"end":{"line":17,"column":6}},"9":{"start":{"line":19,"column":4},"end":{"line":19,"column":28}},"10":{"start":{"line":21,"column":4},"end":{"line":21,"column":67}},"11":{"start":{"line":23,"column":4},"end":{"line":23,"column":63}},"12":{"start":{"line":27,"column":23},"end":{"line":36,"column":1}},"13":{"start":{"line":28,"column":17},"end":{"line":28,"column":20}},"14":{"start":{"line":29,"column":2},"end":{"line":35,"column":3}},"15":{"start":{"line":30,"column":21},"end":{"line":30,"column":41}},"16":{"start":{"line":32,"column":4},"end":{"line":32,"column":35}},"17":{"start":{"line":34,"column":4},"end":{"line":34,"column":63}},"18":{"start":{"line":38,"column":21},"end":{"line":91,"column":1}},"19":{"start":{"line":39,"column":20},"end":{"line":39,"column":28}},"20":{"start":{"line":40,"column":2},"end":{"line":90,"column":3}},"21":{"start":{"line":41,"column":4},"end":{"line":41,"column":39}},"22":{"start":{"line":42,"column":17},"end":{"line":48,"column":5}},"23":{"start":{"line":50,"column":22},"end":{"line":50,"column":56}},"24":{"start":{"line":52,"column":24},"end":{"line":58,"column":6}},"25":{"start":{"line":60,"column":19},"end":{"line":67,"column":5}},"26":{"start":{"line":69,"column":15},"end":{"line":69,"column":47}},"27":{"start":{"line":71,"column":18},"end":{"line":76,"column":5}},"28":{"start":{"line":78,"column":4},"end":{"line":87,"column":9}},"29":{"start":{"line":81,"column":8},"end":{"line":83,"column":11}},"30":{"start":{"line":86,"column":8},"end":{"line":86,"column":47}},"31":{"start":{"line":89,"column":4},"end":{"line":89,"column":53}},"32":{"start":{"line":93,"column":0},"end":{"line":97,"column":2}}},"fnMap":{"0":{"name":"(anonymous_0)","decl":{"start":{"line":7,"column":22},"end":{"line":7,"column":23}},"loc":{"start":{"line":7,"column":42},"end":{"line":25,"column":1}},"line":7},"1":{"name":"(anonymous_1)","decl":{"start":{"line":27,"column":23},"end":{"line":27,"column":24}},"loc":{"start":{"line":27,"column":43},"end":{"line":36,"column":1}},"line":27},"2":{"name":"(anonymous_2)","decl":{"start":{"line":38,"column":21},"end":{"line":38,"column":22}},"loc":{"start":{"line":38,"column":41},"end":{"line":91,"column":1}},"line":38},"3":{"name":"(anonymous_3)","decl":{"start":{"line":80,"column":12},"end":{"line":80,"column":13}},"loc":{"start":{"line":80,"column":18},"end":{"line":84,"column":7}},"line":80},"4":{"name":"(anonymous_4)","decl":{"start":{"line":85,"column":13},"end":{"line":85,"column":14}},"loc":{"start":{"line":85,"column":24},"end":{"line":87,"column":7}},"line":85}},"branchMap":{},"s":{"0":1,"1":1,"2":1,"3":1,"4":1,"5":1,"6":0,"7":0,"8":0,"9":0,"10":0,"11":0,"12":1,"13":0,"14":0,"15":0,"16":0,"17":0,"18":1,"19":0,"20":0,"21":0,"22":0,"23":0,"24":0,"25":0,"26":0,"27":0,"28":0,"29":0,"30":0,"31":0,"32":1},"f":{"0":0,"1":0,"2":0,"3":0,"4":0},"b":{},"_coverageSchema":"1a1c01bbd47fc00a2c39e90264f33305004495a9","hash":"d0cd4d882e0b0106b23be1f688bd190503e8e062"}
,"D:\\PROGRAMMING\\Andela\\Porjects\\my-brand-backend\\controllers\\portfolioControllers.js": {"path":"D:\\PROGRAMMING\\Andela\\Porjects\\my-brand-backend\\controllers\\portfolioControllers.js","statementMap":{"0":{"start":{"line":1,"column":19},"end":{"line":1,"column":54}},"1":{"start":{"line":4,"column":0},"end":{"line":14,"column":2}},"2":{"start":{"line":5,"column":2},"end":{"line":13,"column":3}},"3":{"start":{"line":6,"column":34},"end":{"line":6,"column":42}},"4":{"start":{"line":7,"column":27},"end":{"line":7,"column":44}},"5":{"start":{"line":8,"column":22},"end":{"line":8,"column":81}},"6":{"start":{"line":9,"column":4},"end":{"line":9,"column":27}},"7":{"start":{"line":10,"column":4},"end":{"line":10,"column":36}},"8":{"start":{"line":12,"column":4},"end":{"line":12,"column":80}},"9":{"start":{"line":17,"column":0},"end":{"line":24,"column":2}},"10":{"start":{"line":18,"column":2},"end":{"line":23,"column":3}},"11":{"start":{"line":19,"column":23},"end":{"line":19,"column":45}},"12":{"start":{"line":20,"column":4},"end":{"line":20,"column":25}},"13":{"start":{"line":22,"column":4},"end":{"line":22,"column":53}},"14":{"start":{"line":27,"column":0},"end":{"line":37,"column":2}},"15":{"start":{"line":28,"column":2},"end":{"line":36,"column":3}},"16":{"start":{"line":29,"column":22},"end":{"line":29,"column":61}},"17":{"start":{"line":30,"column":4},"end":{"line":32,"column":5}},"18":{"start":{"line":31,"column":6},"end":{"line":31,"column":70}},"19":{"start":{"line":33,"column":4},"end":{"line":33,"column":24}},"20":{"start":{"line":35,"column":4},"end":{"line":35,"column":53}},"21":{"start":{"line":40,"column":0},"end":{"line":58,"column":2}},"22":{"start":{"line":41,"column":2},"end":{"line":57,"column":3}},"23":{"start":{"line":42,"column":35},"end":{"line":42,"column":43}},"24":{"start":{"line":43,"column":22},"end":{"line":43,"column":61}},"25":{"start":{"line":44,"column":25},"end":{"line":44,"column":42}},"26":{"start":{"line":45,"column":4},"end":{"line":45,"column":29}},"27":{"start":{"line":47,"column":4},"end":{"line":49,"column":5}},"28":{"start":{"line":48,"column":6},"end":{"line":48,"column":70}},"29":{"start":{"line":50,"column":4},"end":{"line":50,"column":39}},"30":{"start":{"line":50,"column":15},"end":{"line":50,"column":39}},"31":{"start":{"line":51,"column":4},"end":{"line":51,"column":53}},"32":{"start":{"line":51,"column":22},"end":{"line":51,"column":53}},"33":{"start":{"line":52,"column":4},"end":{"line":52,"column":54}},"34":{"start":{"line":52,"column":20},"end":{"line":52,"column":54}},"35":{"start":{"line":53,"column":4},"end":{"line":53,"column":27}},"36":{"start":{"line":54,"column":4},"end":{"line":54,"column":24}},"37":{"start":{"line":56,"column":4},"end":{"line":56,"column":53}},"38":{"start":{"line":61,"column":0},"end":{"line":72,"column":2}},"39":{"start":{"line":62,"column":2},"end":{"line":71,"column":3}},"40":{"start":{"line":63,"column":22},"end":{"line":63,"column":61}},"41":{"start":{"line":64,"column":4},"end":{"line":66,"column":5}},"42":{"start":{"line":65,"column":6},"end":{"line":65,"column":70}},"43":{"start":{"line":67,"column":4},"end":{"line":67,"column":54}},"44":{"start":{"line":68,"column":4},"end":{"line":68,"column":60}},"45":{"start":{"line":70,"column":4},"end":{"line":70,"column":53}}},"fnMap":{"0":{"name":"(anonymous_0)","decl":{"start":{"line":4,"column":26},"end":{"line":4,"column":27}},"loc":{"start":{"line":4,"column":46},"end":{"line":14,"column":1}},"line":4},"1":{"name":"(anonymous_1)","decl":{"start":{"line":17,"column":24},"end":{"line":17,"column":25}},"loc":{"start":{"line":17,"column":44},"end":{"line":24,"column":1}},"line":17},"2":{"name":"(anonymous_2)","decl":{"start":{"line":27,"column":27},"end":{"line":27,"column":28}},"loc":{"start":{"line":27,"column":47},"end":{"line":37,"column":1}},"line":27},"3":{"name":"(anonymous_3)","decl":{"start":{"line":40,"column":26},"end":{"line":40,"column":27}},"loc":{"start":{"line":40,"column":46},"end":{"line":58,"column":1}},"line":40},"4":{"name":"(anonymous_4)","decl":{"start":{"line":61,"column":26},"end":{"line":61,"column":27}},"loc":{"start":{"line":61,"column":46},"end":{"line":72,"column":1}},"line":61}},"branchMap":{"0":{"loc":{"start":{"line":30,"column":4},"end":{"line":32,"column":5}},"type":"if","locations":[{"start":{"line":30,"column":4},"end":{"line":32,"column":5}},{"start":{},"end":{}}],"line":30},"1":{"loc":{"start":{"line":47,"column":4},"end":{"line":49,"column":5}},"type":"if","locations":[{"start":{"line":47,"column":4},"end":{"line":49,"column":5}},{"start":{},"end":{}}],"line":47},"2":{"loc":{"start":{"line":50,"column":4},"end":{"line":50,"column":39}},"type":"if","locations":[{"start":{"line":50,"column":4},"end":{"line":50,"column":39}},{"start":{},"end":{}}],"line":50},"3":{"loc":{"start":{"line":51,"column":4},"end":{"line":51,"column":53}},"type":"if","locations":[{"start":{"line":51,"column":4},"end":{"line":51,"column":53}},{"start":{},"end":{}}],"line":51},"4":{"loc":{"start":{"line":52,"column":4},"end":{"line":52,"column":54}},"type":"if","locations":[{"start":{"line":52,"column":4},"end":{"line":52,"column":54}},{"start":{},"end":{}}],"line":52},"5":{"loc":{"start":{"line":64,"column":4},"end":{"line":66,"column":5}},"type":"if","locations":[{"start":{"line":64,"column":4},"end":{"line":66,"column":5}},{"start":{},"end":{}}],"line":64}},"s":{"0":2,"1":2,"2":1,"3":1,"4":1,"5":1,"6":1,"7":1,"8":0,"9":2,"10":1,"11":1,"12":1,"13":0,"14":2,"15":1,"16":1,"17":1,"18":1,"19":0,"20":0,"21":2,"22":1,"23":1,"24":1,"25":1,"26":1,"27":1,"28":1,"29":0,"30":0,"31":0,"32":0,"33":0,"34":0,"35":0,"36":0,"37":0,"38":2,"39":1,"40":1,"41":1,"42":1,"43":0,"44":0,"45":0},"f":{"0":1,"1":1,"2":1,"3":1,"4":1},"b":{"0":[1,0],"1":[1,0],"2":[0,0],"3":[0,0],"4":[0,0],"5":[1,0]},"_coverageSchema":"1a1c01bbd47fc00a2c39e90264f33305004495a9","hash":"19dded203da9bbdb96bcf1449c84e7b1c199e8c5"}
,"D:\\PROGRAMMING\\Andela\\Porjects\\my-brand-backend\\controllers\\subscriptionControllers.js": {"path":"D:\\PROGRAMMING\\Andela\\Porjects\\my-brand-backend\\controllers\\subscriptionControllers.js","statementMap":{"0":{"start":{"line":1,"column":21},"end":{"line":1,"column":59}},"1":{"start":{"line":2,"column":19},"end":{"line":2,"column":40}},"2":{"start":{"line":3,"column":16},"end":{"line":3,"column":34}},"3":{"start":{"line":5,"column":14},"end":{"line":5,"column":31}},"4":{"start":{"line":6,"column":23},"end":{"line":6,"column":49}},"5":{"start":{"line":9,"column":22},"end":{"line":9,"column":30}},"6":{"start":{"line":10,"column":4},"end":{"line":61,"column":5}},"7":{"start":{"line":11,"column":8},"end":{"line":11,"column":45}},"8":{"start":{"line":13,"column":0},"end":{"line":13,"column":34}},"9":{"start":{"line":14,"column":21},"end":{"line":20,"column":9}},"10":{"start":{"line":22,"column":26},"end":{"line":22,"column":60}},"11":{"start":{"line":24,"column":28},"end":{"line":30,"column":10}},"12":{"start":{"line":32,"column":23},"end":{"line":39,"column":9}},"13":{"start":{"line":41,"column":19},"end":{"line":41,"column":51}},"14":{"start":{"line":43,"column":22},"end":{"line":48,"column":9}},"15":{"start":{"line":50,"column":8},"end":{"line":56,"column":10}},"16":{"start":{"line":51,"column":12},"end":{"line":53,"column":14}},"17":{"start":{"line":55,"column":12},"end":{"line":55,"column":50}},"18":{"start":{"line":60,"column":8},"end":{"line":60,"column":57}},"19":{"start":{"line":64,"column":0},"end":{"line":64,"column":31}}},"fnMap":{"0":{"name":"subscribe","decl":{"start":{"line":8,"column":15},"end":{"line":8,"column":24}},"loc":{"start":{"line":8,"column":35},"end":{"line":62,"column":1}},"line":8},"1":{"name":"(anonymous_1)","decl":{"start":{"line":50,"column":43},"end":{"line":50,"column":44}},"loc":{"start":{"line":50,"column":49},"end":{"line":54,"column":9}},"line":50},"2":{"name":"(anonymous_2)","decl":{"start":{"line":54,"column":17},"end":{"line":54,"column":18}},"loc":{"start":{"line":54,"column":26},"end":{"line":56,"column":9}},"line":54}},"branchMap":{},"s":{"0":1,"1":1,"2":1,"3":1,"4":1,"5":0,"6":0,"7":0,"8":0,"9":0,"10":0,"11":0,"12":0,"13":0,"14":0,"15":0,"16":0,"17":0,"18":0,"19":1},"f":{"0":0,"1":0,"2":0},"b":{},"_coverageSchema":"1a1c01bbd47fc00a2c39e90264f33305004495a9","hash":"0360afa862c9d0ea9196010e5002540c93f0c615"}
,"D:\\PROGRAMMING\\Andela\\Porjects\\my-brand-backend\\controllers\\userControllers.js": {"path":"D:\\PROGRAMMING\\Andela\\Porjects\\my-brand-backend\\controllers\\userControllers.js","statementMap":{"0":{"start":{"line":1,"column":13},"end":{"line":1,"column":43}},"1":{"start":{"line":2,"column":15},"end":{"line":2,"column":32}},"2":{"start":{"line":3,"column":12},"end":{"line":3,"column":35}},"3":{"start":{"line":4,"column":17},"end":{"line":4,"column":36}},"4":{"start":{"line":7,"column":2},"end":{"line":51,"column":3}},"5":{"start":{"line":8,"column":48},"end":{"line":8,"column":56}},"6":{"start":{"line":10,"column":4},"end":{"line":12,"column":5}},"7":{"start":{"line":11,"column":6},"end":{"line":11,"column":71}},"8":{"start":{"line":14,"column":4},"end":{"line":16,"column":5}},"9":{"start":{"line":15,"column":6},"end":{"line":15,"column":70}},"10":{"start":{"line":18,"column":4},"end":{"line":20,"column":5}},"11":{"start":{"line":19,"column":6},"end":{"line":19,"column":144}},"12":{"start":{"line":22,"column":25},"end":{"line":22,"column":54}},"13":{"start":{"line":23,"column":4},"end":{"line":25,"column":5}},"14":{"start":{"line":24,"column":6},"end":{"line":24,"column":70}},"15":{"start":{"line":27,"column":27},"end":{"line":27,"column":58}},"16":{"start":{"line":28,"column":17},"end":{"line":33,"column":6}},"17":{"start":{"line":35,"column":29},"end":{"line":38,"column":5}},"18":{"start":{"line":40,"column":18},"end":{"line":46,"column":5}},"19":{"start":{"line":48,"column":4},"end":{"line":48,"column":36}},"20":{"start":{"line":50,"column":4},"end":{"line":50,"column":63}},"21":{"start":{"line":55,"column":21},"end":{"line":55,"column":49}},"22":{"start":{"line":56,"column":2},"end":{"line":56,"column":32}},"23":{"start":{"line":60,"column":20},"end":{"line":60,"column":34}},"24":{"start":{"line":61,"column":2},"end":{"line":61,"column":30}},"25":{"start":{"line":65,"column":24},"end":{"line":65,"column":73}},"26":{"start":{"line":66,"column":2},"end":{"line":66,"column":38}},"27":{"start":{"line":71,"column":2},"end":{"line":107,"column":3}},"28":{"start":{"line":72,"column":32},"end":{"line":72,"column":40}},"29":{"start":{"line":73,"column":4},"end":{"line":73,"column":26}},"30":{"start":{"line":75,"column":4},"end":{"line":78,"column":5}},"31":{"start":{"line":76,"column":6},"end":{"line":77,"column":74}},"32":{"start":{"line":80,"column":17},"end":{"line":80,"column":46}},"33":{"start":{"line":82,"column":4},"end":{"line":84,"column":5}},"34":{"start":{"line":83,"column":6},"end":{"line":83,"column":70}},"35":{"start":{"line":86,"column":28},"end":{"line":86,"column":73}},"36":{"start":{"line":87,"column":4},"end":{"line":89,"column":5}},"37":{"start":{"line":88,"column":6},"end":{"line":88,"column":70}},"38":{"start":{"line":91,"column":29},"end":{"line":94,"column":5}},"39":{"start":{"line":96,"column":18},"end":{"line":102,"column":5}},"40":{"start":{"line":104,"column":4},"end":{"line":104,"column":36}},"41":{"start":{"line":106,"column":4},"end":{"line":106,"column":63}},"42":{"start":{"line":111,"column":2},"end":{"line":116,"column":3}},"43":{"start":{"line":112,"column":18},"end":{"line":112,"column":55}},"44":{"start":{"line":113,"column":4},"end":{"line":113,"column":20}},"45":{"start":{"line":115,"column":4},"end":{"line":115,"column":63}},"46":{"start":{"line":120,"column":2},"end":{"line":131,"column":3}},"47":{"start":{"line":121,"column":22},"end":{"line":121,"column":38}},"48":{"start":{"line":123,"column":17},"end":{"line":123,"column":57}},"49":{"start":{"line":124,"column":4},"end":{"line":126,"column":5}},"50":{"start":{"line":125,"column":6},"end":{"line":125,"column":65}},"51":{"start":{"line":128,"column":4},"end":{"line":128,"column":19}},"52":{"start":{"line":130,"column":4},"end":{"line":130,"column":16}},"53":{"start":{"line":135,"column":2},"end":{"line":152,"column":3}},"54":{"start":{"line":136,"column":19},"end":{"line":136,"column":36}},"55":{"start":{"line":138,"column":4},"end":{"line":140,"column":5}},"56":{"start":{"line":139,"column":6},"end":{"line":139,"column":73}},"57":{"start":{"line":142,"column":17},"end":{"line":142,"column":44}},"58":{"start":{"line":143,"column":4},"end":{"line":145,"column":5}},"59":{"start":{"line":144,"column":6},"end":{"line":144,"column":65}},"60":{"start":{"line":147,"column":4},"end":{"line":147,"column":27}},"61":{"start":{"line":149,"column":4},"end":{"line":149,"column":55}},"62":{"start":{"line":151,"column":3},"end":{"line":151,"column":62}},"63":{"start":{"line":156,"column":21},"end":{"line":156,"column":31}},"64":{"start":{"line":157,"column":46},"end":{"line":157,"column":54}},"65":{"start":{"line":159,"column":2},"end":{"line":185,"column":3}},"66":{"start":{"line":160,"column":25},"end":{"line":160,"column":52}},"67":{"start":{"line":161,"column":4},"end":{"line":163,"column":5}},"68":{"start":{"line":162,"column":6},"end":{"line":162,"column":65}},"69":{"start":{"line":165,"column":4},"end":{"line":167,"column":5}},"70":{"start":{"line":166,"column":6},"end":{"line":166,"column":70}},"71":{"start":{"line":169,"column":4},"end":{"line":171,"column":5}},"72":{"start":{"line":170,"column":6},"end":{"line":170,"column":39}},"73":{"start":{"line":172,"column":4},"end":{"line":174,"column":5}},"74":{"start":{"line":173,"column":6},"end":{"line":173,"column":39}},"75":{"start":{"line":175,"column":4},"end":{"line":177,"column":5}},"76":{"start":{"line":176,"column":6},"end":{"line":176,"column":31}},"77":{"start":{"line":179,"column":4},"end":{"line":179,"column":30}},"78":{"start":{"line":181,"column":4},"end":{"line":181,"column":53}},"79":{"start":{"line":183,"column":4},"end":{"line":183,"column":49}},"80":{"start":{"line":184,"column":4},"end":{"line":184,"column":63}},"81":{"start":{"line":189,"column":0},"end":{"line":196,"column":2}}},"fnMap":{"0":{"name":"registerUser","decl":{"start":{"line":6,"column":15},"end":{"line":6,"column":27}},"loc":{"start":{"line":6,"column":38},"end":{"line":52,"column":1}},"line":6},"1":{"name":"validateEmail","decl":{"start":{"line":54,"column":9},"end":{"line":54,"column":22}},"loc":{"start":{"line":54,"column":30},"end":{"line":57,"column":1}},"line":54},"2":{"name":"validateName","decl":{"start":{"line":59,"column":9},"end":{"line":59,"column":21}},"loc":{"start":{"line":59,"column":28},"end":{"line":62,"column":1}},"line":59},"3":{"name":"validatePassword","decl":{"start":{"line":64,"column":9},"end":{"line":64,"column":25}},"loc":{"start":{"line":64,"column":36},"end":{"line":67,"column":1}},"line":64},"4":{"name":"loginUser","decl":{"start":{"line":70,"column":15},"end":{"line":70,"column":24}},"loc":{"start":{"line":70,"column":35},"end":{"line":108,"column":1}},"line":70},"5":{"name":"getAllUsers","decl":{"start":{"line":110,"column":15},"end":{"line":110,"column":26}},"loc":{"start":{"line":110,"column":43},"end":{"line":117,"column":1}},"line":110},"6":{"name":"getSingleUser","decl":{"start":{"line":119,"column":15},"end":{"line":119,"column":28}},"loc":{"start":{"line":119,"column":45},"end":{"line":132,"column":1}},"line":119},"7":{"name":"deleteUser","decl":{"start":{"line":134,"column":15},"end":{"line":134,"column":25}},"loc":{"start":{"line":134,"column":42},"end":{"line":153,"column":1}},"line":134},"8":{"name":"updateUser","decl":{"start":{"line":155,"column":15},"end":{"line":155,"column":25}},"loc":{"start":{"line":155,"column":36},"end":{"line":186,"column":1}},"line":155}},"branchMap":{"0":{"loc":{"start":{"line":10,"column":4},"end":{"line":12,"column":5}},"type":"if","locations":[{"start":{"line":10,"column":4},"end":{"line":12,"column":5}},{"start":{},"end":{}}],"line":10},"1":{"loc":{"start":{"line":14,"column":4},"end":{"line":16,"column":5}},"type":"if","locations":[{"start":{"line":14,"column":4},"end":{"line":16,"column":5}},{"start":{},"end":{}}],"line":14},"2":{"loc":{"start":{"line":18,"column":4},"end":{"line":20,"column":5}},"type":"if","locations":[{"start":{"line":18,"column":4},"end":{"line":20,"column":5}},{"start":{},"end":{}}],"line":18},"3":{"loc":{"start":{"line":23,"column":4},"end":{"line":25,"column":5}},"type":"if","locations":[{"start":{"line":23,"column":4},"end":{"line":25,"column":5}},{"start":{},"end":{}}],"line":23},"4":{"loc":{"start":{"line":32,"column":12},"end":{"line":32,"column":27}},"type":"binary-expr","locations":[{"start":{"line":32,"column":12},"end":{"line":32,"column":16}},{"start":{"line":32,"column":20},"end":{"line":32,"column":27}}],"line":32},"5":{"loc":{"start":{"line":75,"column":4},"end":{"line":78,"column":5}},"type":"if","locations":[{"start":{"line":75,"column":4},"end":{"line":78,"column":5}},{"start":{},"end":{}}],"line":75},"6":{"loc":{"start":{"line":75,"column":8},"end":{"line":75,"column":27}},"type":"binary-expr","locations":[{"start":{"line":75,"column":8},"end":{"line":75,"column":14}},{"start":{"line":75,"column":18},"end":{"line":75,"column":27}}],"line":75},"7":{"loc":{"start":{"line":82,"column":4},"end":{"line":84,"column":5}},"type":"if","locations":[{"start":{"line":82,"column":4},"end":{"line":84,"column":5}},{"start":{},"end":{}}],"line":82},"8":{"loc":{"start":{"line":87,"column":4},"end":{"line":89,"column":5}},"type":"if","locations":[{"start":{"line":87,"column":4},"end":{"line":89,"column":5}},{"start":{},"end":{}}],"line":87},"9":{"loc":{"start":{"line":124,"column":4},"end":{"line":126,"column":5}},"type":"if","locations":[{"start":{"line":124,"column":4},"end":{"line":126,"column":5}},{"start":{},"end":{}}],"line":124},"10":{"loc":{"start":{"line":138,"column":4},"end":{"line":140,"column":5}},"type":"if","locations":[{"start":{"line":138,"column":4},"end":{"line":140,"column":5}},{"start":{},"end":{}}],"line":138},"11":{"loc":{"start":{"line":143,"column":4},"end":{"line":145,"column":5}},"type":"if","locations":[{"start":{"line":143,"column":4},"end":{"line":145,"column":5}},{"start":{},"end":{}}],"line":143},"12":{"loc":{"start":{"line":161,"column":4},"end":{"line":163,"column":5}},"type":"if","locations":[{"start":{"line":161,"column":4},"end":{"line":163,"column":5}},{"start":{},"end":{}}],"line":161},"13":{"loc":{"start":{"line":165,"column":4},"end":{"line":167,"column":5}},"type":"if","locations":[{"start":{"line":165,"column":4},"end":{"line":167,"column":5}},{"start":{},"end":{}}],"line":165},"14":{"loc":{"start":{"line":165,"column":8},"end":{"line":165,"column":45}},"type":"binary-expr","locations":[{"start":{"line":165,"column":8},"end":{"line":165,"column":13}},{"start":{"line":165,"column":17},"end":{"line":165,"column":45}}],"line":165},"15":{"loc":{"start":{"line":169,"column":4},"end":{"line":171,"column":5}},"type":"if","locations":[{"start":{"line":169,"column":4},"end":{"line":171,"column":5}},{"start":{},"end":{}}],"line":169},"16":{"loc":{"start":{"line":172,"column":4},"end":{"line":174,"column":5}},"type":"if","locations":[{"start":{"line":172,"column":4},"end":{"line":174,"column":5}},{"start":{},"end":{}}],"line":172},"17":{"loc":{"start":{"line":175,"column":4},"end":{"line":177,"column":5}},"type":"if","locations":[{"start":{"line":175,"column":4},"end":{"line":177,"column":5}},{"start":{},"end":{}}],"line":175}},"s":{"0":1,"1":1,"2":1,"3":1,"4":4,"5":4,"6":4,"7":1,"8":3,"9":1,"10":2,"11":1,"12":1,"13":1,"14":1,"15":0,"16":0,"17":0,"18":0,"19":0,"20":0,"21":4,"22":4,"23":3,"24":3,"25":2,"26":2,"27":4,"28":4,"29":4,"30":4,"31":2,"32":2,"33":2,"34":2,"35":0,"36":0,"37":0,"38":0,"39":0,"40":0,"41":0,"42":0,"43":0,"44":0,"45":0,"46":0,"47":0,"48":0,"49":0,"50":0,"51":0,"52":0,"53":0,"54":0,"55":0,"56":0,"57":0,"58":0,"59":0,"60":0,"61":0,"62":0,"63":0,"64":0,"65":0,"66":0,"67":0,"68":0,"69":0,"70":0,"71":0,"72":0,"73":0,"74":0,"75":0,"76":0,"77":0,"78":0,"79":0,"80":0,"81":1},"f":{"0":4,"1":4,"2":3,"3":2,"4":4,"5":0,"6":0,"7":0,"8":0},"b":{"0":[1,3],"1":[1,2],"2":[1,1],"3":[1,0],"4":[0,0],"5":[2,2],"6":[4,3],"7":[2,0],"8":[0,0],"9":[0,0],"10":[0,0],"11":[0,0],"12":[0,0],"13":[0,0],"14":[0,0],"15":[0,0],"16":[0,0],"17":[0,0]},"_coverageSchema":"1a1c01bbd47fc00a2c39e90264f33305004495a9","hash":"ea2cf45d62dd7a291162cb6b445b8932f86bedc1"}
,"D:\\PROGRAMMING\\Andela\\Porjects\\my-brand-backend\\middleware\\authMiddleware.js": {"path":"D:\\PROGRAMMING\\Andela\\Porjects\\my-brand-backend\\middleware\\authMiddleware.js","statementMap":{"0":{"start":{"line":1,"column":12},"end":{"line":1,"column":35}},"1":{"start":{"line":2,"column":13},"end":{"line":2,"column":43}},"2":{"start":{"line":4,"column":24},"end":{"line":28,"column":1}},"3":{"start":{"line":7,"column":2},"end":{"line":23,"column":3}},"4":{"start":{"line":11,"column":4},"end":{"line":22,"column":5}},"5":{"start":{"line":12,"column":6},"end":{"line":12,"column":54}},"6":{"start":{"line":14,"column":22},"end":{"line":14,"column":63}},"7":{"start":{"line":16,"column":6},"end":{"line":16,"column":73}},"8":{"start":{"line":18,"column":6},"end":{"line":18,"column":13}},"9":{"start":{"line":20,"column":6},"end":{"line":20,"column":25}},"10":{"start":{"line":21,"column":6},"end":{"line":21,"column":57}},"11":{"start":{"line":25,"column":2},"end":{"line":27,"column":3}},"12":{"start":{"line":26,"column":4},"end":{"line":26,"column":50}},"13":{"start":{"line":30,"column":16},"end":{"line":38,"column":1}},"14":{"start":{"line":31,"column":2},"end":{"line":31,"column":24}},"15":{"start":{"line":33,"column":2},"end":{"line":37,"column":3}},"16":{"start":{"line":34,"column":4},"end":{"line":34,"column":18}},"17":{"start":{"line":36,"column":4},"end":{"line":36,"column":63}},"18":{"start":{"line":40,"column":0},"end":{"line":43,"column":2}}},"fnMap":{"0":{"name":"(anonymous_0)","decl":{"start":{"line":4,"column":24},"end":{"line":4,"column":25}},"loc":{"start":{"line":4,"column":50},"end":{"line":28,"column":1}},"line":4},"1":{"name":"(anonymous_1)","decl":{"start":{"line":30,"column":16},"end":{"line":30,"column":17}},"loc":{"start":{"line":30,"column":36},"end":{"line":38,"column":1}},"line":30}},"branchMap":{"0":{"loc":{"start":{"line":7,"column":2},"end":{"line":23,"column":3}},"type":"if","locations":[{"start":{"line":7,"column":2},"end":{"line":23,"column":3}},{"start":{},"end":{}}],"line":7},"1":{"loc":{"start":{"line":8,"column":4},"end":{"line":9,"column":50}},"type":"binary-expr","locations":[{"start":{"line":8,"column":4},"end":{"line":8,"column":29}},{"start":{"line":9,"column":4},"end":{"line":9,"column":50}}],"line":8},"2":{"loc":{"start":{"line":25,"column":2},"end":{"line":27,"column":3}},"type":"if","locations":[{"start":{"line":25,"column":2},"end":{"line":27,"column":3}},{"start":{},"end":{}}],"line":25},"3":{"loc":{"start":{"line":33,"column":2},"end":{"line":37,"column":3}},"type":"if","locations":[{"start":{"line":33,"column":2},"end":{"line":37,"column":3}},{"start":{"line":35,"column":9},"end":{"line":37,"column":3}}],"line":33},"4":{"loc":{"start":{"line":33,"column":6},"end":{"line":33,"column":43}},"type":"binary-expr","locations":[{"start":{"line":33,"column":6},"end":{"line":33,"column":14}},{"start":{"line":33,"column":18},"end":{"line":33,"column":43}}],"line":33}},"s":{"0":1,"1":1,"2":1,"3":3,"4":2,"5":2,"6":2,"7":0,"8":0,"9":2,"10":2,"11":3,"12":1,"13":1,"14":0,"15":0,"16":0,"17":0,"18":1},"f":{"0":3,"1":0},"b":{"0":[2,1],"1":[3,2],"2":[1,2],"3":[0,0],"4":[0,0]},"_coverageSchema":"1a1c01bbd47fc00a2c39e90264f33305004495a9","hash":"bd54dd0080bca5702b89c8225958a2d6380bfb58"}
,"D:\\PROGRAMMING\\Andela\\Porjects\\my-brand-backend\\models\\blogsModel.js": {"path":"D:\\PROGRAMMING\\Andela\\Porjects\\my-brand-backend\\models\\blogsModel.js","statementMap":{"0":{"start":{"line":1,"column":17},"end":{"line":1,"column":36}},"1":{"start":{"line":3,"column":19},"end":{"line":20,"column":2}},"2":{"start":{"line":22,"column":17},"end":{"line":22,"column":55}},"3":{"start":{"line":24,"column":0},"end":{"line":24,"column":26}}},"fnMap":{},"branchMap":{},"s":{"0":2,"1":2,"2":2,"3":2},"f":{},"b":{},"_coverageSchema":"1a1c01bbd47fc00a2c39e90264f33305004495a9","hash":"dccf21273a4906cda930e966622e87fd2c44ad92"}
,"D:\\PROGRAMMING\\Andela\\Porjects\\my-brand-backend\\models\\messsageModel.js": {"path":"D:\\PROGRAMMING\\Andela\\Porjects\\my-brand-backend\\models\\messsageModel.js","statementMap":{"0":{"start":{"line":1,"column":17},"end":{"line":1,"column":36}},"1":{"start":{"line":3,"column":22},"end":{"line":25,"column":2}},"2":{"start":{"line":27,"column":0},"end":{"line":27,"column":58}}},"fnMap":{},"branchMap":{},"s":{"0":1,"1":1,"2":1},"f":{},"b":{},"_coverageSchema":"1a1c01bbd47fc00a2c39e90264f33305004495a9","hash":"05fb797d425051266f12f09ce137a3e64a38fe2e"}
,"D:\\PROGRAMMING\\Andela\\Porjects\\my-brand-backend\\models\\portfolioModel.js": {"path":"D:\\PROGRAMMING\\Andela\\Porjects\\my-brand-backend\\models\\portfolioModel.js","statementMap":{"0":{"start":{"line":1,"column":17},"end":{"line":1,"column":36}},"1":{"start":{"line":3,"column":24},"end":{"line":16,"column":2}},"2":{"start":{"line":18,"column":18},"end":{"line":18,"column":62}},"3":{"start":{"line":20,"column":0},"end":{"line":20,"column":27}}},"fnMap":{},"branchMap":{},"s":{"0":2,"1":2,"2":2,"3":2},"f":{},"b":{},"_coverageSchema":"1a1c01bbd47fc00a2c39e90264f33305004495a9","hash":"ed35d7d93147721fadaebc84ba5c8043b114242a"}
,"D:\\PROGRAMMING\\Andela\\Porjects\\my-brand-backend\\models\\subscriptionModel.js": {"path":"D:\\PROGRAMMING\\Andela\\Porjects\\my-brand-backend\\models\\subscriptionModel.js","statementMap":{"0":{"start":{"line":1,"column":17},"end":{"line":1,"column":36}},"1":{"start":{"line":3,"column":27},"end":{"line":5,"column":2}},"2":{"start":{"line":7,"column":21},"end":{"line":7,"column":71}},"3":{"start":{"line":9,"column":0},"end":{"line":9,"column":30}}},"fnMap":{},"branchMap":{},"s":{"0":1,"1":1,"2":1,"3":1},"f":{},"b":{},"_coverageSchema":"1a1c01bbd47fc00a2c39e90264f33305004495a9","hash":"4264fb1ff778922a8fa157c7c618caff24db925e"}
,"D:\\PROGRAMMING\\Andela\\Porjects\\my-brand-backend\\models\\userModel.js": {"path":"D:\\PROGRAMMING\\Andela\\Porjects\\my-brand-backend\\models\\userModel.js","statementMap":{"0":{"start":{"line":1,"column":17},"end":{"line":1,"column":36}},"1":{"start":{"line":3,"column":19},"end":{"line":21,"column":2}},"2":{"start":{"line":23,"column":0},"end":{"line":23,"column":52}}},"fnMap":{},"branchMap":{},"s":{"0":1,"1":1,"2":1},"f":{},"b":{},"_coverageSchema":"1a1c01bbd47fc00a2c39e90264f33305004495a9","hash":"88b9442c1c1cb950b6207cb2501e18cef13faa72"}
,"D:\\PROGRAMMING\\Andela\\Porjects\\my-brand-backend\\multer\\config.js": {"path":"D:\\PROGRAMMING\\Andela\\Porjects\\my-brand-backend\\multer\\config.js","statementMap":{"0":{"start":{"line":1,"column":15},"end":{"line":1,"column":32}},"1":{"start":{"line":3,"column":16},"end":{"line":10,"column":2}},"2":{"start":{"line":5,"column":4},"end":{"line":5,"column":26}},"3":{"start":{"line":8,"column":4},"end":{"line":8,"column":32}},"4":{"start":{"line":12,"column":15},"end":{"line":14,"column":2}},"5":{"start":{"line":16,"column":0},"end":{"line":16,"column":28}}},"fnMap":{"0":{"name":"(anonymous_0)","decl":{"start":{"line":4,"column":15},"end":{"line":4,"column":16}},"loc":{"start":{"line":4,"column":40},"end":{"line":6,"column":3}},"line":4},"1":{"name":"(anonymous_1)","decl":{"start":{"line":7,"column":12},"end":{"line":7,"column":13}},"loc":{"start":{"line":7,"column":37},"end":{"line":9,"column":3}},"line":7}},"branchMap":{},"s":{"0":2,"1":2,"2":0,"3":0,"4":2,"5":2},"f":{"0":0,"1":0},"b":{},"_coverageSchema":"1a1c01bbd47fc00a2c39e90264f33305004495a9","hash":"e28ea9ffa1e97c9da58186226798daa07b9a1f7a"}
,"D:\\PROGRAMMING\\Andela\\Porjects\\my-brand-backend\\routes\\blogsRoutes.js": {"path":"D:\\PROGRAMMING\\Andela\\Porjects\\my-brand-backend\\routes\\blogsRoutes.js","statementMap":{"0":{"start":{"line":1,"column":16},"end":{"line":1,"column":34}},"1":{"start":{"line":2,"column":15},"end":{"line":2,"column":31}},"2":{"start":{"line":13,"column":4},"end":{"line":13,"column":46}},"3":{"start":{"line":14,"column":37},"end":{"line":14,"column":76}},"4":{"start":{"line":16,"column":15},"end":{"line":16,"column":42}},"5":{"start":{"line":29,"column":0},"end":{"line":29,"column":29}},"6":{"start":{"line":51,"column":0},"end":{"line":51,"column":42}},"7":{"start":{"line":85,"column":0},"end":{"line":85,"column":90}},"8":{"start":{"line":131,"column":0},"end":{"line":131,"column":107}},"9":{"start":{"line":157,"column":0},"end":{"line":157,"column":68}},"10":{"start":{"line":187,"column":0},"end":{"line":187,"column":52}},"11":{"start":{"line":217,"column":0},"end":{"line":217,"column":54}},"12":{"start":{"line":243,"column":0},"end":{"line":243,"column":34}},"13":{"start":{"line":280,"column":0},"end":{"line":280,"column":67}},"14":{"start":{"line":282,"column":0},"end":{"line":282,"column":24}}},"fnMap":{},"branchMap":{},"s":{"0":1,"1":1,"2":1,"3":1,"4":1,"5":1,"6":1,"7":1,"8":1,"9":1,"10":1,"11":1,"12":1,"13":1,"14":1},"f":{},"b":{},"_coverageSchema":"1a1c01bbd47fc00a2c39e90264f33305004495a9","hash":"b7f1ee60d30859e0c82f293531d18cf079e118df"}
,"D:\\PROGRAMMING\\Andela\\Porjects\\my-brand-backend\\routes\\index.js": {"path":"D:\\PROGRAMMING\\Andela\\Porjects\\my-brand-backend\\routes\\index.js","statementMap":{"0":{"start":{"line":1,"column":16},"end":{"line":1,"column":34}},"1":{"start":{"line":2,"column":15},"end":{"line":2,"column":31}},"2":{"start":{"line":3,"column":19},"end":{"line":3,"column":42}},"3":{"start":{"line":4,"column":19},"end":{"line":4,"column":43}},"4":{"start":{"line":5,"column":24},"end":{"line":5,"column":52}},"5":{"start":{"line":6,"column":22},"end":{"line":6,"column":49}},"6":{"start":{"line":7,"column":27},"end":{"line":7,"column":58}},"7":{"start":{"line":10,"column":0},"end":{"line":10,"column":33}},"8":{"start":{"line":11,"column":0},"end":{"line":11,"column":33}},"9":{"start":{"line":12,"column":0},"end":{"line":12,"column":42}},"10":{"start":{"line":13,"column":0},"end":{"line":13,"column":39}},"11":{"start":{"line":14,"column":0},"end":{"line":14,"column":45}},"12":{"start":{"line":15,"column":0},"end":{"line":15,"column":45}},"13":{"start":{"line":17,"column":0},"end":{"line":17,"column":24}}},"fnMap":{},"branchMap":{},"s":{"0":1,"1":1,"2":1,"3":1,"4":1,"5":1,"6":1,"7":1,"8":1,"9":1,"10":1,"11":1,"12":1,"13":1},"f":{},"b":{},"_coverageSchema":"1a1c01bbd47fc00a2c39e90264f33305004495a9","hash":"783b025267c5bb01489b4ca9a2c69ce9a6da0d62"}
,"D:\\PROGRAMMING\\Andela\\Porjects\\my-brand-backend\\routes\\messsageRoutes.js": {"path":"D:\\PROGRAMMING\\Andela\\Porjects\\my-brand-backend\\routes\\messsageRoutes.js","statementMap":{"0":{"start":{"line":1,"column":16},"end":{"line":1,"column":34}},"1":{"start":{"line":2,"column":15},"end":{"line":2,"column":31}},"2":{"start":{"line":3,"column":35},"end":{"line":3,"column":74}},"3":{"start":{"line":9,"column":4},"end":{"line":9,"column":49}},"4":{"start":{"line":106,"column":0},"end":{"line":106,"column":32}},"5":{"start":{"line":107,"column":0},"end":{"line":107,"column":58}},"6":{"start":{"line":108,"column":0},"end":{"line":108,"column":68}},"7":{"start":{"line":110,"column":0},"end":{"line":110,"column":24}}},"fnMap":{},"branchMap":{},"s":{"0":1,"1":1,"2":1,"3":1,"4":1,"5":1,"6":1,"7":1},"f":{},"b":{},"_coverageSchema":"1a1c01bbd47fc00a2c39e90264f33305004495a9","hash":"a49b62db1782a6141ab2dd758c105fcc9e5fb6ef"}
,"D:\\PROGRAMMING\\Andela\\Porjects\\my-brand-backend\\routes\\portfolioRoutes.js": {"path":"D:\\PROGRAMMING\\Andela\\Porjects\\my-brand-backend\\routes\\portfolioRoutes.js","statementMap":{"0":{"start":{"line":1,"column":16},"end":{"line":1,"column":34}},"1":{"start":{"line":2,"column":15},"end":{"line":2,"column":31}},"2":{"start":{"line":9,"column":4},"end":{"line":9,"column":50}},"3":{"start":{"line":10,"column":37},"end":{"line":10,"column":76}},"4":{"start":{"line":11,"column":15},"end":{"line":11,"column":42}},"5":{"start":{"line":57,"column":0},"end":{"line":57,"column":91}},"6":{"start":{"line":87,"column":0},"end":{"line":87,"column":31}},"7":{"start":{"line":124,"column":0},"end":{"line":124,"column":37}},"8":{"start":{"line":177,"column":0},"end":{"line":177,"column":100}},"9":{"start":{"line":203,"column":0},"end":{"line":203,"column":65}},"10":{"start":{"line":205,"column":0},"end":{"line":205,"column":24}}},"fnMap":{},"branchMap":{},"s":{"0":1,"1":1,"2":1,"3":1,"4":1,"5":1,"6":1,"7":1,"8":1,"9":1,"10":1},"f":{},"b":{},"_coverageSchema":"1a1c01bbd47fc00a2c39e90264f33305004495a9","hash":"bcdc18abf6da218793a9f72b2a52fdfbb51cb3e5"}
,"D:\\PROGRAMMING\\Andela\\Porjects\\my-brand-backend\\routes\\subscriptionRoutes.js": {"path":"D:\\PROGRAMMING\\Andela\\Porjects\\my-brand-backend\\routes\\subscriptionRoutes.js","statementMap":{"0":{"start":{"line":1,"column":16},"end":{"line":1,"column":34}},"1":{"start":{"line":2,"column":15},"end":{"line":2,"column":31}},"2":{"start":{"line":3,"column":22},"end":{"line":3,"column":71}},"3":{"start":{"line":58,"column":0},"end":{"line":58,"column":28}},"4":{"start":{"line":60,"column":0},"end":{"line":60,"column":24}}},"fnMap":{},"branchMap":{},"s":{"0":1,"1":1,"2":1,"3":1,"4":1},"f":{},"b":{},"_coverageSchema":"1a1c01bbd47fc00a2c39e90264f33305004495a9","hash":"9640b18907684d8e5275d2d0edefa376ebba6f97"}
,"D:\\PROGRAMMING\\Andela\\Porjects\\my-brand-backend\\routes\\userRoutes.js": {"path":"D:\\PROGRAMMING\\Andela\\Porjects\\my-brand-backend\\routes\\userRoutes.js","statementMap":{"0":{"start":{"line":1,"column":16},"end":{"line":1,"column":34}},"1":{"start":{"line":2,"column":15},"end":{"line":2,"column":31}},"2":{"start":{"line":3,"column":86},"end":{"line":3,"column":127}},"3":{"start":{"line":4,"column":37},"end":{"line":4,"column":76}},"4":{"start":{"line":43,"column":0},"end":{"line":43,"column":39}},"5":{"start":{"line":77,"column":0},"end":{"line":77,"column":33}},"6":{"start":{"line":101,"column":0},"end":{"line":101,"column":55}},"7":{"start":{"line":131,"column":0},"end":{"line":131,"column":63}},"8":{"start":{"line":159,"column":0},"end":{"line":159,"column":61}},"9":{"start":{"line":189,"column":0},"end":{"line":189,"column":64}},"10":{"start":{"line":191,"column":0},"end":{"line":191,"column":24}}},"fnMap":{},"branchMap":{},"s":{"0":1,"1":1,"2":1,"3":1,"4":1,"5":1,"6":1,"7":1,"8":1,"9":1,"10":1},"f":{},"b":{},"_coverageSchema":"1a1c01bbd47fc00a2c39e90264f33305004495a9","hash":"c24b0a01ce07ba3a3cbb65303b69fd09a29edd72"}
}
