TN:
SF:app.js
FN:17,(anonymous_0)
FN:32,(anonymous_1)
FNF:2
FNH:2
FNDA:1,(anonymous_0)
FNDA:1,(anonymous_1)
DA:1,1
DA:2,1
DA:3,1
DA:4,1
DA:5,1
DA:6,1
DA:8,1
DA:10,1
DA:12,1
DA:13,1
DA:14,1
DA:15,1
DA:17,1
DA:18,1
DA:19,1
DA:20,1
DA:22,0
DA:23,0
DA:27,1
DA:29,1
DA:31,1
DA:32,1
DA:33,1
DA:36,1
LF:24
LH:22
BRDA:31,0,0,1
BRDA:31,0,1,0
BRF:2
BRH:1
end_of_record
TN:
SF:swagger.js
FNF:0
FNH:0
DA:1,1
DA:2,1
DA:4,1
DA:32,1
DA:34,1
LF:5
LH:5
BRF:0
BRH:0
end_of_record
TN:
SF:controllers\blogsControllers.js
FN:5,(anonymous_0)
FN:28,(anonymous_1)
FN:41,(anonymous_2)
FN:70,(anonymous_3)
FN:79,(anonymous_4)
FN:91,likeBlogPost
FN:127,shareBlogPost
FN:152,updateViews
FN:177,(anonymous_8)
FNF:9
FNH:0
FNDA:0,(anonymous_0)
FNDA:0,(anonymous_1)
FNDA:0,(anonymous_2)
FNDA:0,(anonymous_3)
FNDA:0,(anonymous_4)
FNDA:0,likeBlogPost
FNDA:0,shareBlogPost
FNDA:0,updateViews
FNDA:0,(anonymous_8)
DA:2,1
DA:3,1
DA:5,1
DA:6,0
DA:7,0
DA:8,0
DA:9,0
DA:10,0
DA:22,0
DA:24,0
DA:28,1
DA:29,0
DA:30,0
DA:31,0
DA:32,0
DA:33,0
DA:35,0
DA:37,0
DA:41,1
DA:42,0
DA:43,0
DA:44,0
DA:45,0
DA:47,0
DA:60,0
DA:61,0
DA:64,0
DA:66,0
DA:70,1
DA:71,0
DA:72,0
DA:73,0
DA:75,0
DA:79,1
DA:80,0
DA:81,0
DA:82,0
DA:83,0
DA:84,0
DA:86,0
DA:88,0
DA:92,0
DA:93,0
DA:94,0
DA:95,0
DA:96,0
DA:102,0
DA:103,0
DA:105,0
DA:106,0
DA:107,0
DA:112,0
DA:113,0
DA:114,0
DA:119,0
DA:120,0
DA:128,0
DA:129,0
DA:130,0
DA:131,0
DA:132,0
DA:137,0
DA:138,0
DA:140,0
DA:144,0
DA:145,0
DA:153,0
DA:154,0
DA:155,0
DA:156,0
DA:157,0
DA:162,0
DA:163,0
DA:165,0
DA:169,0
DA:170,0
DA:177,1
DA:178,0
DA:179,0
DA:180,0
DA:182,0
DA:183,0
DA:184,0
DA:187,0
DA:188,0
DA:189,0
DA:191,0
DA:195,0
DA:199,1
LF:89
LH:9
BRDA:9,0,0,0
BRDA:9,0,1,0
BRDA:32,1,0,0
BRDA:32,1,1,0
BRDA:60,2,0,0
BRDA:60,2,1,0
BRDA:83,3,0,0
BRDA:83,3,1,0
BRDA:95,4,0,0
BRDA:95,4,1,0
BRDA:103,5,0,0
BRDA:103,5,1,0
BRDA:131,6,0,0
BRDA:131,6,1,0
BRDA:156,7,0,0
BRDA:156,7,1,0
BRDA:183,8,0,0
BRDA:183,8,1,0
BRF:18
BRH:0
end_of_record
TN:
SF:controllers\messsageControllers.js
FN:7,(anonymous_0)
FN:27,(anonymous_1)
FN:38,(anonymous_2)
FN:80,(anonymous_3)
FN:85,(anonymous_4)
FNF:5
FNH:0
FNDA:0,(anonymous_0)
FNDA:0,(anonymous_1)
FNDA:0,(anonymous_2)
FNDA:0,(anonymous_3)
FNDA:0,(anonymous_4)
DA:1,1
DA:2,1
DA:3,1
DA:4,1
DA:5,1
DA:7,1
DA:8,0
DA:9,0
DA:11,0
DA:19,0
DA:21,0
DA:23,0
DA:27,1
DA:28,0
DA:29,0
DA:30,0
DA:32,0
DA:34,0
DA:38,1
DA:39,0
DA:40,0
DA:41,0
DA:42,0
DA:50,0
DA:52,0
DA:60,0
DA:69,0
DA:71,0
DA:78,0
DA:81,0
DA:86,0
DA:89,0
DA:93,1
LF:33
LH:9
BRF:0
BRH:0
end_of_record
TN:
SF:controllers\portfolioControllers.js
FN:4,(anonymous_0)
FN:17,(anonymous_1)
FN:27,(anonymous_2)
FN:40,(anonymous_3)
FN:61,(anonymous_4)
FNF:5
FNH:0
FNDA:0,(anonymous_0)
FNDA:0,(anonymous_1)
FNDA:0,(anonymous_2)
FNDA:0,(anonymous_3)
FNDA:0,(anonymous_4)
DA:1,1
DA:4,1
DA:5,0
DA:6,0
DA:7,0
DA:8,0
DA:9,0
DA:10,0
DA:12,0
DA:17,1
DA:18,0
DA:19,0
DA:20,0
DA:22,0
DA:27,1
DA:28,0
DA:29,0
DA:30,0
DA:31,0
DA:33,0
DA:35,0
DA:40,1
DA:41,0
DA:42,0
DA:43,0
DA:44,0
DA:45,0
DA:47,0
DA:48,0
DA:50,0
DA:51,0
DA:52,0
DA:53,0
DA:54,0
DA:56,0
DA:61,1
DA:62,0
DA:63,0
DA:64,0
DA:65,0
DA:67,0
DA:68,0
DA:70,0
LF:43
LH:6
BRDA:30,0,0,0
BRDA:30,0,1,0
BRDA:47,1,0,0
BRDA:47,1,1,0
BRDA:50,2,0,0
BRDA:50,2,1,0
BRDA:51,3,0,0
BRDA:51,3,1,0
BRDA:52,4,0,0
BRDA:52,4,1,0
BRDA:64,5,0,0
BRDA:64,5,1,0
BRF:12
BRH:0
end_of_record
TN:
SF:controllers\subscriptionControllers.js
FN:8,subscribe
FN:50,(anonymous_1)
FN:54,(anonymous_2)
FNF:3
FNH:0
FNDA:0,subscribe
FNDA:0,(anonymous_1)
FNDA:0,(anonymous_2)
DA:1,1
DA:2,1
DA:3,1
DA:5,1
DA:6,1
DA:9,0
DA:10,0
DA:11,0
DA:13,0
DA:14,0
DA:22,0
DA:24,0
DA:32,0
DA:41,0
DA:43,0
DA:50,0
DA:51,0
DA:55,0
DA:60,0
DA:64,1
LF:20
LH:6
BRF:0
BRH:0
end_of_record
TN:
SF:controllers\userControllers.js
FN:6,registerUser
FN:54,validateEmail
FN:59,validateName
FN:64,validatePassword
FN:70,loginUser
FN:109,getAllUsers
FN:118,getSingleUser
FN:133,deleteUser
FN:154,updateUser
FNF:9
FNH:5
FNDA:4,registerUser
FNDA:4,validateEmail
FNDA:3,validateName
FNDA:2,validatePassword
FNDA:4,loginUser
FNDA:0,getAllUsers
FNDA:0,getSingleUser
FNDA:0,deleteUser
FNDA:0,updateUser
DA:1,1
DA:2,1
DA:3,1
DA:4,1
DA:7,4
DA:8,4
DA:10,4
DA:11,1
DA:14,3
DA:15,1
DA:18,2
DA:19,1
DA:22,1
DA:23,1
DA:24,1
DA:27,0
DA:28,0
DA:35,0
DA:40,0
DA:48,0
DA:50,0
DA:55,4
DA:56,4
DA:60,3
DA:61,3
DA:65,2
DA:66,2
DA:71,4
DA:72,4
DA:74,4
DA:75,2
DA:79,2
DA:81,2
DA:82,1
DA:85,1
DA:86,1
DA:87,0
DA:90,1
DA:95,1
DA:103,1
DA:105,0
DA:110,0
DA:111,0
DA:112,0
DA:114,0
DA:119,0
DA:120,0
DA:122,0
DA:123,0
DA:124,0
DA:127,0
DA:129,0
DA:134,0
DA:135,0
DA:137,0
DA:138,0
DA:141,0
DA:142,0
DA:143,0
DA:146,0
DA:148,0
DA:150,0
DA:155,0
DA:156,0
DA:158,0
DA:159,0
DA:160,0
DA:161,0
DA:164,0
DA:165,0
DA:168,0
DA:169,0
DA:171,0
DA:172,0
DA:174,0
DA:175,0
DA:178,0
DA:180,0
DA:182,0
DA:183,0
DA:188,1
LF:81
LH:34
BRDA:10,0,0,1
BRDA:10,0,1,3
BRDA:14,1,0,1
BRDA:14,1,1,2
BRDA:18,2,0,1
BRDA:18,2,1,1
BRDA:23,3,0,1
BRDA:23,3,1,0
BRDA:32,4,0,0
BRDA:32,4,1,0
BRDA:74,5,0,2
BRDA:74,5,1,2
BRDA:74,6,0,4
BRDA:74,6,1,3
BRDA:81,7,0,1
BRDA:81,7,1,1
BRDA:86,8,0,0
BRDA:86,8,1,1
BRDA:123,9,0,0
BRDA:123,9,1,0
BRDA:137,10,0,0
BRDA:137,10,1,0
BRDA:142,11,0,0
BRDA:142,11,1,0
BRDA:160,12,0,0
BRDA:160,12,1,0
BRDA:164,13,0,0
BRDA:164,13,1,0
BRDA:164,14,0,0
BRDA:164,14,1,0
BRDA:168,15,0,0
BRDA:168,15,1,0
BRDA:171,16,0,0
BRDA:171,16,1,0
BRDA:174,17,0,0
BRDA:174,17,1,0
BRF:36
BRH:14
end_of_record
TN:
SF:middleware\authMiddleware.js
FN:4,(anonymous_0)
FN:30,(anonymous_1)
FNF:2
FNH:1
FNDA:3,(anonymous_0)
FNDA:0,(anonymous_1)
DA:1,1
DA:2,1
DA:4,1
DA:7,3
DA:11,2
DA:12,2
DA:14,2
DA:16,0
DA:18,0
DA:20,2
DA:21,2
DA:25,3
DA:26,1
DA:30,1
DA:31,0
DA:33,0
DA:34,0
DA:36,0
DA:40,1
LF:19
LH:13
BRDA:7,0,0,2
BRDA:7,0,1,1
BRDA:8,1,0,3
BRDA:8,1,1,2
BRDA:25,2,0,1
BRDA:25,2,1,2
BRDA:33,3,0,0
BRDA:33,3,1,0
BRDA:33,4,0,0
BRDA:33,4,1,0
BRF:10
BRH:6
end_of_record
TN:
SF:models\blogsModel.js
FNF:0
FNH:0
DA:1,1
DA:3,1
DA:22,1
DA:24,1
LF:4
LH:4
BRF:0
BRH:0
end_of_record
TN:
SF:models\messsageModel.js
FNF:0
FNH:0
DA:1,1
DA:3,1
DA:27,1
LF:3
LH:3
BRF:0
BRH:0
end_of_record
TN:
SF:models\portfolioModel.js
FNF:0
FNH:0
DA:1,1
DA:3,1
DA:18,1
DA:20,1
LF:4
LH:4
BRF:0
BRH:0
end_of_record
TN:
SF:models\subscriptionModel.js
FNF:0
FNH:0
DA:1,1
DA:3,1
DA:7,1
DA:9,1
LF:4
LH:4
BRF:0
BRH:0
end_of_record
TN:
SF:models\userModel.js
FNF:0
FNH:0
DA:1,1
DA:3,1
DA:23,1
LF:3
LH:3
BRF:0
BRH:0
end_of_record
TN:
SF:multer\config.js
FN:4,(anonymous_0)
FN:7,(anonymous_1)
FNF:2
FNH:0
FNDA:0,(anonymous_0)
FNDA:0,(anonymous_1)
DA:1,1
DA:3,1
DA:5,0
DA:8,0
DA:12,1
DA:16,1
LF:6
LH:4
BRF:0
BRH:0
end_of_record
TN:
SF:routes\blogsRoutes.js
FNF:0
FNH:0
DA:1,1
DA:2,1
DA:13,1
DA:14,1
DA:16,1
DA:29,1
DA:51,1
DA:85,1
DA:131,1
DA:157,1
DA:187,1
DA:217,1
DA:243,1
DA:280,1
DA:282,1
LF:15
LH:15
BRF:0
BRH:0
end_of_record
TN:
SF:routes\index.js
FNF:0
FNH:0
DA:1,1
DA:2,1
DA:3,1
DA:4,1
DA:5,1
DA:6,1
DA:7,1
DA:10,1
DA:11,1
DA:12,1
DA:13,1
DA:14,1
DA:15,1
DA:17,1
LF:14
LH:14
BRF:0
BRH:0
end_of_record
TN:
SF:routes\messsageRoutes.js
FNF:0
FNH:0
DA:1,1
DA:2,1
DA:3,1
DA:9,1
DA:106,1
DA:107,1
DA:108,1
DA:110,1
LF:8
LH:8
BRF:0
BRH:0
end_of_record
TN:
SF:routes\portfolioRoutes.js
FNF:0
FNH:0
DA:1,1
DA:2,1
DA:9,1
DA:10,1
DA:11,1
DA:57,1
DA:87,1
DA:124,1
DA:177,1
DA:203,1
DA:205,1
LF:11
LH:11
BRF:0
BRH:0
end_of_record
TN:
SF:routes\subscriptionRoutes.js
FNF:0
FNH:0
DA:1,1
DA:2,1
DA:3,1
DA:58,1
DA:60,1
LF:5
LH:5
BRF:0
BRH:0
end_of_record
TN:
SF:routes\userRoutes.js
FNF:0
FNH:0
DA:1,1
DA:2,1
DA:3,1
DA:4,1
DA:43,1
DA:77,1
DA:101,1
DA:131,1
DA:159,1
DA:189,1
DA:191,1
LF:11
LH:11
BRF:0
BRH:0
end_of_record
